# JRE version: Java(TM) SE Runtime Environment (17.0.10+11) (build 17.0.10+11-LTS-240)
# Java VM: Java HotSpot(TM) 64-Bit Server VM (17.0.10+11-LTS-240, mixed mode, sharing, tiered, compressed oops, compressed class ptrs, g1 gc, windows-amd64)
GC Precious Log:
 CPUs: 8 total, 8 available
 Memory: 8108M
 Large Page Support: Disabled
 NUMA Support: Disabled
 Compressed Oops: Enabled (32-bit)
 Heap Region Size: 1M
 Heap Min Capacity: 8M
 Heap Initial Capacity: 128M
 Heap Max Capacity: 2028M
 Pre-touch: Disabled
 Parallel Workers: 8
 Concurrent Workers: 2
 Concurrent Refinement Workers: 8
 Periodic GC: Disabled
Heap:
 garbage-first heap   total 55296K, used 32619K [0x0000000081400000, 0x0000000100000000)
  region size 1024K, 5 young (5120K), 3 survivors (3072K)
 Metaspace       used 67675K, committed 68224K, reserved 1114112K
  class space    used 9120K, committed 9344K, reserved 1048576K
GC Heap History (20 events):
Event: 12.485 GC heap before
{Heap before GC invocations=11 (full 0):
 garbage-first heap   total 55296K, used 41261K [0x0000000081400000, 0x0000000100000000)
  region size 1024K, 23 young (23552K), 3 survivors (3072K)
 Metaspace       used 47147K, committed 47616K, reserved 1114112K
  class space    used 6139K, committed 6400K, reserved 1048576K
}
Event: 12.494 GC heap after
{Heap after GC invocations=12 (full 0):
 garbage-first heap   total 55296K, used 23488K [0x0000000081400000, 0x0000000100000000)
  region size 1024K, 2 young (2048K), 2 survivors (2048K)
 Metaspace       used 47147K, committed 47616K, reserved 1114112K
  class space    used 6139K, committed 6400K, reserved 1048576K
}
Event: 13.105 GC heap before
{Heap before GC invocations=12 (full 0):
 garbage-first heap   total 55296K, used 40896K [0x0000000081400000, 0x0000000100000000)
  region size 1024K, 20 young (20480K), 2 survivors (2048K)
 Metaspace       used 51628K, committed 52096K, reserved 1114112K
  class space    used 6794K, committed 7040K, reserved 1048576K
}
Event: 13.108 GC heap after
{Heap after GC invocations=13 (full 0):
 garbage-first heap   total 55296K, used 24012K [0x0000000081400000, 0x0000000100000000)
  region size 1024K, 3 young (3072K), 3 survivors (3072K)
 Metaspace       used 51628K, committed 52096K, reserved 1114112K
  class space    used 6794K, committed 7040K, reserved 1048576K
}
Event: 13.921 GC heap before
{Heap before GC invocations=13 (full 0):
 garbage-first heap   total 55296K, used 42444K [0x0000000081400000, 0x0000000100000000)
  region size 1024K, 21 young (21504K), 3 survivors (3072K)
 Metaspace       used 55625K, committed 56128K, reserved 1114112K
  class space    used 7424K, committed 7680K, reserved 1048576K
}
Event: 13.926 GC heap after
{Heap after GC invocations=14 (full 0):
 garbage-first heap   total 55296K, used 24625K [0x0000000081400000, 0x0000000100000000)
  region size 1024K, 2 young (2048K), 2 survivors (2048K)
 Metaspace       used 55625K, committed 56128K, reserved 1114112K
  class space    used 7424K, committed 7680K, reserved 1048576K
}
Event: 14.572 GC heap before
{Heap before GC invocations=14 (full 0):
 garbage-first heap   total 55296K, used 43057K [0x0000000081400000, 0x0000000100000000)
  region size 1024K, 21 young (21504K), 2 survivors (2048K)
 Metaspace       used 59321K, committed 59840K, reserved 1114112K
  class space    used 7950K, committed 8192K, reserved 1048576K
}
Event: 14.576 GC heap after
{Heap after GC invocations=15 (full 0):
 garbage-first heap   total 55296K, used 25291K [0x0000000081400000, 0x0000000100000000)
  region size 1024K, 3 young (3072K), 3 survivors (3072K)
 Metaspace       used 59321K, committed 59840K, reserved 1114112K
  class space    used 7950K, committed 8192K, reserved 1048576K
}
Event: 14.760 GC heap before
{Heap before GC invocations=15 (full 0):
 garbage-first heap   total 55296K, used 30411K [0x0000000081400000, 0x0000000100000000)
  region size 1024K, 9 young (9216K), 3 survivors (3072K)
 Metaspace       used 59924K, committed 60416K, reserved 1114112K
  class space    used 7994K, committed 8256K, reserved 1048576K
}
Event: 14.767 GC heap after
{Heap after GC invocations=16 (full 0):
 garbage-first heap   total 55296K, used 25720K [0x0000000081400000, 0x0000000100000000)
  region size 1024K, 2 young (2048K), 2 survivors (2048K)
 Metaspace       used 59924K, committed 60416K, reserved 1114112K
  class space    used 7994K, committed 8256K, reserved 1048576K
}
Event: 15.704 GC heap before
{Heap before GC invocations=17 (full 0):
 garbage-first heap   total 55296K, used 44152K [0x0000000081400000, 0x0000000100000000)
  region size 1024K, 20 young (20480K), 2 survivors (2048K)
 Metaspace       used 62634K, committed 63168K, reserved 1114112K
  class space    used 8438K, committed 8704K, reserved 1048576K
}
Event: 15.712 GC heap after
{Heap after GC invocations=18 (full 0):
 garbage-first heap   total 55296K, used 27082K [0x0000000081400000, 0x0000000100000000)
  region size 1024K, 3 young (3072K), 3 survivors (3072K)
 Metaspace       used 62634K, committed 63168K, reserved 1114112K
  class space    used 8438K, committed 8704K, reserved 1048576K
}
Event: 16.291 GC heap before
{Heap before GC invocations=18 (full 0):
 garbage-first heap   total 55296K, used 44490K [0x0000000081400000, 0x0000000100000000)
  region size 1024K, 20 young (20480K), 3 survivors (3072K)
 Metaspace       used 63593K, committed 64192K, reserved 1114112K
  class space    used 8560K, committed 8832K, reserved 1048576K
}
Event: 16.297 GC heap after
{Heap after GC invocations=19 (full 0):
 garbage-first heap   total 55296K, used 28324K [0x0000000081400000, 0x0000000100000000)
  region size 1024K, 3 young (3072K), 3 survivors (3072K)
 Metaspace       used 63593K, committed 64192K, reserved 1114112K
  class space    used 8560K, committed 8832K, reserved 1048576K
}
Event: 16.914 GC heap before
{Heap before GC invocations=19 (full 0):
 garbage-first heap   total 55296K, used 43684K [0x0000000081400000, 0x0000000100000000)
  region size 1024K, 19 young (19456K), 3 survivors (3072K)
 Metaspace       used 65309K, committed 65856K, reserved 1114112K
  class space    used 8790K, committed 9024K, reserved 1048576K
}
Event: 16.920 GC heap after
{Heap after GC invocations=20 (full 0):
 garbage-first heap   total 55296K, used 29380K [0x0000000081400000, 0x0000000100000000)
  region size 1024K, 3 young (3072K), 3 survivors (3072K)
 Metaspace       used 65309K, committed 65856K, reserved 1114112K
  class space    used 8790K, committed 9024K, reserved 1048576K
}
Event: 17.518 GC heap before
{Heap before GC invocations=21 (full 0):
 garbage-first heap   total 55296K, used 44740K [0x0000000081400000, 0x0000000100000000)
  region size 1024K, 18 young (18432K), 3 survivors (3072K)
 Metaspace       used 66108K, committed 66624K, reserved 1114112K
  class space    used 8925K, committed 9152K, reserved 1048576K
}
Event: 17.525 GC heap after
{Heap after GC invocations=22 (full 0):
 garbage-first heap   total 55296K, used 30552K [0x0000000081400000, 0x0000000100000000)
  region size 1024K, 3 young (3072K), 3 survivors (3072K)
 Metaspace       used 66108K, committed 66624K, reserved 1114112K
  class space    used 8925K, committed 9152K, reserved 1048576K
}
Event: 17.970 GC heap before
{Heap before GC invocations=22 (full 0):
 garbage-first heap   total 55296K, used 44888K [0x0000000081400000, 0x0000000100000000)
  region size 1024K, 17 young (17408K), 3 survivors (3072K)
 Metaspace       used 67594K, committed 68160K, reserved 1114112K
  class space    used 9113K, committed 9344K, reserved 1048576K
}
Event: 17.976 GC heap after
{Heap after GC invocations=23 (full 0):
 garbage-first heap   total 55296K, used 31595K [0x0000000081400000, 0x0000000100000000)
  region size 1024K, 3 young (3072K), 3 survivors (3072K)
 Metaspace       used 67594K, committed 68160K, reserved 1114112K
  class space    used 9113K, committed 9344K, reserved 1048576K
}

